{"/Users/thiagomonaco/dev/projects/DoubleLinkedList-TS/src/double-linked-list.ts": {"path":"/Users/thiagomonaco/dev/projects/DoubleLinkedList-TS/src/double-linked-list.ts","statementMap":{"0":{"start":{"line":10,"column":8},"end":{"line":10,"column":null}},"1":{"start":{"line":14,"column":33},"end":{"line":16,"column":null}},"2":{"start":{"line":18,"column":8},"end":{"line":23,"column":9}},"3":{"start":{"line":19,"column":12},"end":{"line":19,"column":null}},"4":{"start":{"line":20,"column":12},"end":{"line":20,"column":null}},"5":{"start":{"line":21,"column":12},"end":{"line":21,"column":null}},"6":{"start":{"line":22,"column":12},"end":{"line":22,"column":18}},"7":{"start":{"line":24,"column":8},"end":{"line":24,"column":null}},"8":{"start":{"line":25,"column":8},"end":{"line":25,"column":null}},"9":{"start":{"line":26,"column":8},"end":{"line":26,"column":null}},"10":{"start":{"line":27,"column":8},"end":{"line":27,"column":null}},"11":{"start":{"line":28,"column":8},"end":{"line":28,"column":14}},"12":{"start":{"line":32,"column":8},"end":{"line":34,"column":9}},"13":{"start":{"line":33,"column":12},"end":{"line":33,"column":null}},"14":{"start":{"line":36,"column":8},"end":{"line":42,"column":9}},"15":{"start":{"line":37,"column":26},"end":{"line":37,"column":35}},"16":{"start":{"line":38,"column":12},"end":{"line":40,"column":13}},"17":{"start":{"line":38,"column":24},"end":{"line":38,"column":35}},"18":{"start":{"line":39,"column":16},"end":{"line":39,"column":null}},"19":{"start":{"line":41,"column":12},"end":{"line":41,"column":null}},"20":{"start":{"line":44,"column":22},"end":{"line":44,"column":31}},"21":{"start":{"line":45,"column":8},"end":{"line":47,"column":9}},"22":{"start":{"line":45,"column":21},"end":{"line":45,"column":22}},"23":{"start":{"line":46,"column":12},"end":{"line":46,"column":null}},"24":{"start":{"line":48,"column":8},"end":{"line":48,"column":null}},"25":{"start":{"line":65,"column":0},"end":{"line":65,"column":null}}},"fnMap":{"0":{"name":"(anonymous_0)","decl":{"start":{"line":9,"column":4},"end":{"line":9,"column":null}},"loc":{"start":{"line":9,"column":4},"end":{"line":11,"column":5}}},"1":{"name":"(anonymous_1)","decl":{"start":{"line":13,"column":4},"end":{"line":13,"column":10}},"loc":{"start":{"line":13,"column":19},"end":{"line":29,"column":5}}},"2":{"name":"(anonymous_2)","decl":{"start":{"line":31,"column":4},"end":{"line":31,"column":7}},"loc":{"start":{"line":31,"column":21},"end":{"line":49,"column":5}}},"3":{"name":"(anonymous_3)","decl":{"start":{"line":51,"column":4},"end":{"line":51,"column":12}},"loc":{"start":{"line":51,"column":36},"end":{"line":52,"column":5}}},"4":{"name":"(anonymous_4)","decl":{"start":{"line":54,"column":4},"end":{"line":54,"column":11}},"loc":{"start":{"line":54,"column":20},"end":{"line":55,"column":5}}},"5":{"name":"(anonymous_5)","decl":{"start":{"line":57,"column":4},"end":{"line":57,"column":10}},"loc":{"start":{"line":57,"column":19},"end":{"line":58,"column":5}}},"6":{"name":"(anonymous_6)","decl":{"start":{"line":60,"column":4},"end":{"line":60,"column":12}},"loc":{"start":{"line":60,"column":26},"end":{"line":61,"column":5}}}},"branchMap":{"0":{"loc":{"start":{"line":18,"column":8},"end":{"line":23,"column":9}},"type":"if","locations":[{"start":{"line":18,"column":8},"end":{"line":23,"column":9}}]},"1":{"loc":{"start":{"line":32,"column":8},"end":{"line":34,"column":9}},"type":"if","locations":[{"start":{"line":32,"column":8},"end":{"line":34,"column":9}}]},"2":{"loc":{"start":{"line":36,"column":8},"end":{"line":42,"column":9}},"type":"if","locations":[{"start":{"line":36,"column":8},"end":{"line":42,"column":9}}]}},"s":{"0":2,"1":4,"2":4,"3":2,"4":2,"5":2,"6":2,"7":2,"8":2,"9":2,"10":2,"11":2,"12":4,"13":0,"14":4,"15":0,"16":0,"17":0,"18":0,"19":0,"20":4,"21":4,"22":4,"23":3,"24":4,"25":1},"f":{"0":2,"1":4,"2":4,"3":0,"4":0,"5":0,"6":0},"b":{"0":[2],"1":[0],"2":[0]}}
}
