{"/Users/thiagomonaco/dev/projects/DoubleLinkedList-TS/src/double-linked-list.ts": {"path":"/Users/thiagomonaco/dev/projects/DoubleLinkedList-TS/src/double-linked-list.ts","statementMap":{"0":{"start":{"line":10,"column":8},"end":{"line":10,"column":null}},"1":{"start":{"line":14,"column":33},"end":{"line":16,"column":null}},"2":{"start":{"line":18,"column":8},"end":{"line":23,"column":9}},"3":{"start":{"line":19,"column":12},"end":{"line":19,"column":null}},"4":{"start":{"line":20,"column":12},"end":{"line":20,"column":null}},"5":{"start":{"line":21,"column":12},"end":{"line":21,"column":null}},"6":{"start":{"line":22,"column":12},"end":{"line":22,"column":18}},"7":{"start":{"line":24,"column":8},"end":{"line":24,"column":null}},"8":{"start":{"line":25,"column":8},"end":{"line":25,"column":null}},"9":{"start":{"line":26,"column":8},"end":{"line":26,"column":null}},"10":{"start":{"line":27,"column":8},"end":{"line":27,"column":null}},"11":{"start":{"line":28,"column":8},"end":{"line":28,"column":14}},"12":{"start":{"line":32,"column":8},"end":{"line":34,"column":9}},"13":{"start":{"line":33,"column":12},"end":{"line":33,"column":null}},"14":{"start":{"line":36,"column":8},"end":{"line":42,"column":9}},"15":{"start":{"line":37,"column":26},"end":{"line":37,"column":35}},"16":{"start":{"line":38,"column":12},"end":{"line":40,"column":13}},"17":{"start":{"line":38,"column":24},"end":{"line":38,"column":35}},"18":{"start":{"line":39,"column":16},"end":{"line":39,"column":null}},"19":{"start":{"line":41,"column":12},"end":{"line":41,"column":null}},"20":{"start":{"line":44,"column":22},"end":{"line":44,"column":31}},"21":{"start":{"line":45,"column":8},"end":{"line":47,"column":9}},"22":{"start":{"line":45,"column":21},"end":{"line":45,"column":22}},"23":{"start":{"line":46,"column":12},"end":{"line":46,"column":null}},"24":{"start":{"line":48,"column":8},"end":{"line":48,"column":null}},"25":{"start":{"line":52,"column":8},"end":{"line":59,"column":9}},"26":{"start":{"line":53,"column":12},"end":{"line":57,"column":13}},"27":{"start":{"line":54,"column":16},"end":{"line":54,"column":null}},"28":{"start":{"line":55,"column":16},"end":{"line":55,"column":null}},"29":{"start":{"line":56,"column":16},"end":{"line":56,"column":22}},"30":{"start":{"line":58,"column":12},"end":{"line":58,"column":null}},"31":{"start":{"line":61,"column":8},"end":{"line":68,"column":9}},"32":{"start":{"line":62,"column":12},"end":{"line":65,"column":null}},"33":{"start":{"line":66,"column":12},"end":{"line":66,"column":null}},"34":{"start":{"line":67,"column":12},"end":{"line":67,"column":18}},"35":{"start":{"line":70,"column":8},"end":{"line":80,"column":9}},"36":{"start":{"line":71,"column":12},"end":{"line":74,"column":null}},"37":{"start":{"line":76,"column":12},"end":{"line":76,"column":null}},"38":{"start":{"line":78,"column":12},"end":{"line":78,"column":null}},"39":{"start":{"line":79,"column":12},"end":{"line":79,"column":18}},"40":{"start":{"line":82,"column":8},"end":{"line":98,"column":9}},"41":{"start":{"line":83,"column":26},"end":{"line":83,"column":35}},"42":{"start":{"line":84,"column":12},"end":{"line":96,"column":13}},"43":{"start":{"line":84,"column":24},"end":{"line":84,"column":35}},"44":{"start":{"line":85,"column":16},"end":{"line":95,"column":17}},"45":{"start":{"line":86,"column":42},"end":{"line":90,"column":null}},"46":{"start":{"line":92,"column":18},"end":{"line":92,"column":null}},"47":{"start":{"line":93,"column":18},"end":{"line":93,"column":null}},"48":{"start":{"line":94,"column":18},"end":{"line":94,"column":null}},"49":{"start":{"line":97,"column":12},"end":{"line":97,"column":18}},"50":{"start":{"line":100,"column":22},"end":{"line":100,"column":31}},"51":{"start":{"line":102,"column":8},"end":{"line":115,"column":9}},"52":{"start":{"line":102,"column":21},"end":{"line":102,"column":22}},"53":{"start":{"line":103,"column":12},"end":{"line":113,"column":13}},"54":{"start":{"line":104,"column":40},"end":{"line":108,"column":null}},"55":{"start":{"line":110,"column":16},"end":{"line":110,"column":null}},"56":{"start":{"line":111,"column":16},"end":{"line":111,"column":null}},"57":{"start":{"line":112,"column":16},"end":{"line":112,"column":null}},"58":{"start":{"line":114,"column":12},"end":{"line":114,"column":null}},"59":{"start":{"line":129,"column":0},"end":{"line":129,"column":null}}},"fnMap":{"0":{"name":"(anonymous_0)","decl":{"start":{"line":9,"column":4},"end":{"line":9,"column":null}},"loc":{"start":{"line":9,"column":4},"end":{"line":11,"column":5}}},"1":{"name":"(anonymous_1)","decl":{"start":{"line":13,"column":4},"end":{"line":13,"column":10}},"loc":{"start":{"line":13,"column":19},"end":{"line":29,"column":5}}},"2":{"name":"(anonymous_2)","decl":{"start":{"line":31,"column":4},"end":{"line":31,"column":7}},"loc":{"start":{"line":31,"column":21},"end":{"line":49,"column":5}}},"3":{"name":"(anonymous_3)","decl":{"start":{"line":51,"column":4},"end":{"line":51,"column":12}},"loc":{"start":{"line":51,"column":36},"end":{"line":116,"column":5}}},"4":{"name":"(anonymous_4)","decl":{"start":{"line":118,"column":4},"end":{"line":118,"column":11}},"loc":{"start":{"line":118,"column":20},"end":{"line":119,"column":5}}},"5":{"name":"(anonymous_5)","decl":{"start":{"line":121,"column":4},"end":{"line":121,"column":10}},"loc":{"start":{"line":121,"column":19},"end":{"line":122,"column":5}}},"6":{"name":"(anonymous_6)","decl":{"start":{"line":124,"column":4},"end":{"line":124,"column":12}},"loc":{"start":{"line":124,"column":26},"end":{"line":125,"column":5}}}},"branchMap":{"0":{"loc":{"start":{"line":18,"column":8},"end":{"line":23,"column":9}},"type":"if","locations":[{"start":{"line":18,"column":8},"end":{"line":23,"column":9}}]},"1":{"loc":{"start":{"line":32,"column":8},"end":{"line":34,"column":9}},"type":"if","locations":[{"start":{"line":32,"column":8},"end":{"line":34,"column":9}}]},"2":{"loc":{"start":{"line":36,"column":8},"end":{"line":42,"column":9}},"type":"if","locations":[{"start":{"line":36,"column":8},"end":{"line":42,"column":9}}]},"3":{"loc":{"start":{"line":52,"column":8},"end":{"line":59,"column":9}},"type":"if","locations":[{"start":{"line":52,"column":8},"end":{"line":59,"column":9}}]},"4":{"loc":{"start":{"line":53,"column":12},"end":{"line":57,"column":13}},"type":"if","locations":[{"start":{"line":53,"column":12},"end":{"line":57,"column":13}}]},"5":{"loc":{"start":{"line":61,"column":8},"end":{"line":68,"column":9}},"type":"if","locations":[{"start":{"line":61,"column":8},"end":{"line":68,"column":9}}]},"6":{"loc":{"start":{"line":70,"column":8},"end":{"line":80,"column":9}},"type":"if","locations":[{"start":{"line":70,"column":8},"end":{"line":80,"column":9}}]},"7":{"loc":{"start":{"line":82,"column":8},"end":{"line":98,"column":9}},"type":"if","locations":[{"start":{"line":82,"column":8},"end":{"line":98,"column":9}}]},"8":{"loc":{"start":{"line":85,"column":16},"end":{"line":95,"column":17}},"type":"if","locations":[{"start":{"line":85,"column":16},"end":{"line":95,"column":17}}]},"9":{"loc":{"start":{"line":103,"column":12},"end":{"line":113,"column":13}},"type":"if","locations":[{"start":{"line":103,"column":12},"end":{"line":113,"column":13}}]}},"s":{"0":1,"1":5,"2":5,"3":1,"4":1,"5":1,"6":1,"7":4,"8":4,"9":4,"10":4,"11":4,"12":1,"13":0,"14":1,"15":0,"16":0,"17":0,"18":0,"19":0,"20":1,"21":1,"22":1,"23":3,"24":1,"25":1,"26":0,"27":0,"28":0,"29":0,"30":0,"31":1,"32":0,"33":0,"34":0,"35":1,"36":0,"37":0,"38":0,"39":0,"40":1,"41":0,"42":0,"43":0,"44":0,"45":0,"46":0,"47":0,"48":0,"49":0,"50":1,"51":1,"52":1,"53":4,"54":1,"55":1,"56":1,"57":1,"58":4,"59":1},"f":{"0":1,"1":5,"2":1,"3":1,"4":0,"5":0,"6":0},"b":{"0":[1],"1":[0],"2":[0],"3":[0],"4":[0],"5":[0],"6":[0],"7":[0],"8":[0],"9":[1]}}
}
