TN:
SF:src/double-linked-list.ts
FN:9,(anonymous_0)
FN:13,(anonymous_1)
FN:31,(anonymous_2)
FN:51,(anonymous_3)
FN:54,(anonymous_4)
FN:57,(anonymous_5)
FN:60,(anonymous_6)
FNF:7
FNH:3
FNDA:2,(anonymous_0)
FNDA:4,(anonymous_1)
FNDA:4,(anonymous_2)
FNDA:0,(anonymous_3)
FNDA:0,(anonymous_4)
FNDA:0,(anonymous_5)
FNDA:0,(anonymous_6)
DA:10,2
DA:14,4
DA:18,4
DA:19,2
DA:20,2
DA:21,2
DA:22,2
DA:24,2
DA:25,2
DA:26,2
DA:27,2
DA:28,2
DA:32,4
DA:33,0
DA:36,4
DA:37,0
DA:38,0
DA:39,0
DA:41,0
DA:44,4
DA:45,4
DA:46,3
DA:48,4
DA:65,1
LF:24
LH:19
BRDA:18,0,0,2
BRDA:32,1,0,0
BRDA:36,2,0,0
BRF:3
BRH:1
end_of_record
