TN:
SF:src/double-linked-list.ts
FN:9,(anonymous_0)
FN:13,(anonymous_1)
FN:31,(anonymous_2)
FN:51,(anonymous_3)
FN:118,(anonymous_4)
FN:121,(anonymous_5)
FN:124,(anonymous_6)
FNF:7
FNH:4
FNDA:1,(anonymous_0)
FNDA:5,(anonymous_1)
FNDA:1,(anonymous_2)
FNDA:1,(anonymous_3)
FNDA:0,(anonymous_4)
FNDA:0,(anonymous_5)
FNDA:0,(anonymous_6)
DA:10,1
DA:14,5
DA:18,5
DA:19,1
DA:20,1
DA:21,1
DA:22,1
DA:24,4
DA:25,4
DA:26,4
DA:27,4
DA:28,4
DA:32,1
DA:33,0
DA:36,1
DA:37,0
DA:38,0
DA:39,0
DA:41,0
DA:44,1
DA:45,1
DA:46,3
DA:48,1
DA:52,1
DA:53,0
DA:54,0
DA:55,0
DA:56,0
DA:58,0
DA:61,1
DA:62,0
DA:66,0
DA:67,0
DA:70,1
DA:71,0
DA:76,0
DA:78,0
DA:79,0
DA:82,1
DA:83,0
DA:84,0
DA:85,0
DA:86,0
DA:92,0
DA:93,0
DA:94,0
DA:97,0
DA:100,1
DA:102,1
DA:103,4
DA:104,1
DA:110,1
DA:111,1
DA:112,1
DA:114,4
DA:129,1
LF:56
LH:31
BRDA:18,0,0,1
BRDA:32,1,0,0
BRDA:36,2,0,0
BRDA:52,3,0,0
BRDA:53,4,0,0
BRDA:61,5,0,0
BRDA:70,6,0,0
BRDA:82,7,0,0
BRDA:85,8,0,0
BRDA:103,9,0,1
BRF:10
BRH:2
end_of_record
